[debug] [2023-11-30T13:45:55.762Z] ----------------------------------------------------------------------
[debug] [2023-11-30T13:45:55.766Z] Command:       C:\Program Files\nodejs\node.exe C:\Users\sahil\AppData\Roaming\npm\node_modules\firebase-tools\lib\bin\firebase.js init
[debug] [2023-11-30T13:45:55.766Z] CLI Version:   12.9.1
[debug] [2023-11-30T13:45:55.767Z] Platform:      win32
[debug] [2023-11-30T13:45:55.767Z] Node Version:  v18.16.0
[debug] [2023-11-30T13:45:55.770Z] Time:          Thu Nov 30 2023 19:15:55 GMT+0530 (India Standard Time)
[debug] [2023-11-30T13:45:55.770Z] ----------------------------------------------------------------------
[debug] 
[debug] [2023-11-30T13:45:55.784Z] > command requires scopes: ["email","openid","https://www.googleapis.com/auth/cloudplatformprojects.readonly","https://www.googleapis.com/auth/firebase","https://www.googleapis.com/auth/cloud-platform"]
[debug] [2023-11-30T13:45:55.785Z] > authorizing via signed-in user (sahilaz8635@gmail.com)
[info] 
     ######## #### ########  ######## ########     ###     ######  ########
     ##        ##  ##     ## ##       ##     ##  ##   ##  ##       ##
     ######    ##  ########  ######   ########  #########  ######  ######
     ##        ##  ##    ##  ##       ##     ## ##     ##       ## ##
     ##       #### ##     ## ######## ########  ##     ##  ######  ########

You're about to initialize a Firebase project in this directory:

  C:\Users\sahil\Html practice\react-js\memorygame

[info] 
=== Project Setup
[info] 
[info] First, let's associate this project directory with a Firebase project.
[info] You can create multiple project aliases by running firebase use --add, 
[info] but for now we'll just set up a default project.
[info] 
[debug] [2023-11-30T13:46:22.898Z] > refreshing access token with scopes: []
[debug] [2023-11-30T13:46:22.902Z] >>> [apiv2][query] POST https://www.googleapis.com/oauth2/v3/token [none]
[debug] [2023-11-30T13:46:22.903Z] >>> [apiv2][body] POST https://www.googleapis.com/oauth2/v3/token [omitted]
[debug] [2023-11-30T13:46:23.165Z] <<< [apiv2][status] POST https://www.googleapis.com/oauth2/v3/token 200
[debug] [2023-11-30T13:46:23.165Z] <<< [apiv2][body] POST https://www.googleapis.com/oauth2/v3/token [omitted]
[debug] [2023-11-30T13:46:23.196Z] >>> [apiv2][query] GET https://firebase.googleapis.com/v1beta1/projects pageSize=100
[debug] [2023-11-30T13:46:24.068Z] <<< [apiv2][status] GET https://firebase.googleapis.com/v1beta1/projects 200
[debug] [2023-11-30T13:46:24.068Z] <<< [apiv2][body] GET https://firebase.googleapis.com/v1beta1/projects [omitted]
[info] i  Using project trailcloud-afd69 (TrailCloud) 
[info] 
=== Hosting Setup
[debug] [2023-11-30T13:47:33.053Z] >>> [apiv2][query] GET https://firebase.googleapis.com/v1beta1/projects/trailcloud-afd69 [none]
[debug] [2023-11-30T13:47:34.123Z] <<< [apiv2][status] GET https://firebase.googleapis.com/v1beta1/projects/trailcloud-afd69 200
[debug] [2023-11-30T13:47:34.124Z] <<< [apiv2][body] GET https://firebase.googleapis.com/v1beta1/projects/trailcloud-afd69 {"projectId":"trailcloud-afd69","projectNumber":"1025439890090","displayName":"TrailCloud","name":"projects/trailcloud-afd69","resources":{"hostingSite":"trailcloud-afd69"},"state":"ACTIVE","etag":"1_6515170b-9a3b-4d23-a6a7-4ab633e6bee0"}
[info] 
[info] Your public directory is the folder (relative to your project directory) that
[info] will contain Hosting assets to be uploaded with firebase deploy. If you
[info] have a build process for your assets, use your build's output directory.
[info] 
[debug] [2023-11-30T13:47:54.940Z] >>> [apiv2][query] GET https://www.gstatic.com/firebasejs/releases.json [none]
[debug] [2023-11-30T13:47:55.024Z] <<< [apiv2][status] GET https://www.gstatic.com/firebasejs/releases.json 200
[debug] [2023-11-30T13:47:55.024Z] <<< [apiv2][body] GET https://www.gstatic.com/firebasejs/releases.json {"current":{"version":"10.7.0","browserURL":"https://www.gstatic.com/firebasejs/10.7.0/firebase.js","packageURL":"https://www.gstatic.com/firebasejs/10.7.0/firebase.tgz"},"live":{"version":"10.7","browserURL":"https://www.gstatic.com/firebasejs/live/10.7/firebase.js","packageURL":"https://www.gstatic.com/firebasejs/live/10.7/firebase.tgz"},"components":{"analytics":"https://www.gstatic.com/firebasejs/10.7.0/firebase-analytics.js","app":"https://www.gstatic.com/firebasejs/10.7.0/firebase-app.js","app-check":"https://www.gstatic.com/firebasejs/10.7.0/firebase-app-check.js","auth":"https://www.gstatic.com/firebasejs/10.7.0/firebase-auth.js","auth/cordova":"https://www.gstatic.com/firebasejs/10.7.0/firebase-auth/cordova.js","functions":"https://www.gstatic.com/firebasejs/10.7.0/firebase-functions.js","firestore":"https://www.gstatic.com/firebasejs/10.7.0/firebase-firestore.js","firestore/lite":"https://www.gstatic.com/firebasejs/10.7.0/firebase-firestore/lite.js","installations":"https://www.gstatic.com/firebasejs/10.7.0/firebase-installations.js","storage":"https://www.gstatic.com/firebasejs/10.7.0/firebase-storage.js","performance":"https://www.gstatic.com/firebasejs/10.7.0/firebase-performance.js","remote-config":"https://www.gstatic.com/firebasejs/10.7.0/firebase-remote-config.js","messaging":"https://www.gstatic.com/firebasejs/10.7.0/firebase-messaging.js","messaging/sw":"https://www.gstatic.com/firebasejs/10.7.0/firebase-messaging/sw.js","database":"https://www.gstatic.com/firebasejs/10.7.0/firebase-database.js","firestore.memory":"https://www.gstatic.com/firebasejs/10.7.0/firebase-firestore.memory.js"}}
[info] +  Wrote y/index.html 
[info] 
[info] i  Didn't detect a .git folder. Assuming C:\Users\sahil\Html practice\react-js\memorygame is the project root. 
[info] i  Authorizing with GitHub to upload your service account to a GitHub repository's secrets store. 
[info] 
[info] Visit this URL on this device to log in:
[info] https://github.com/login/oauth/authorize?client_id=89cf50f02ac6aaed3484&state=825267412&redirect_uri=http%3A%2F%2Flocalhost%3A9005&scope=read%3Auser%20repo%20public_repo
[info] 
[info] Waiting for authentication...
[debug] [2023-11-30T13:48:21.542Z] >>> [apiv2][query] POST https://github.com/login/oauth/access_token [none]
[debug] [2023-11-30T13:48:21.543Z] >>> [apiv2][body] POST https://github.com/login/oauth/access_token [stream]
[debug] [2023-11-30T13:48:21.959Z] <<< [apiv2][status] POST https://github.com/login/oauth/access_token 200
[debug] [2023-11-30T13:48:21.960Z] <<< [apiv2][body] POST https://github.com/login/oauth/access_token {"access_token":"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","token_type":"bearer","scope":"read:user,repo"}
[debug] [2023-11-30T13:48:21.974Z] >>> [apiv2][query] GET https://api.github.com/user [none]
[debug] [2023-11-30T13:48:22.372Z] <<< [apiv2][status] GET https://api.github.com/user 200
[debug] [2023-11-30T13:48:22.372Z] <<< [apiv2][body] GET https://api.github.com/user {"login":"Ninja-Sahil","id":139030212,"node_id":"U_kgDOCEluxA","avatar_url":"https://avatars.githubusercontent.com/u/139030212?v=4","gravatar_id":"","url":"https://api.github.com/users/Ninja-Sahil","html_url":"https://github.com/Ninja-Sahil","followers_url":"https://api.github.com/users/Ninja-Sahil/followers","following_url":"https://api.github.com/users/Ninja-Sahil/following{/other_user}","gists_url":"https://api.github.com/users/Ninja-Sahil/gists{/gist_id}","starred_url":"https://api.github.com/users/Ninja-Sahil/starred{/owner}{/repo}","subscriptions_url":"https://api.github.com/users/Ninja-Sahil/subscriptions","organizations_url":"https://api.github.com/users/Ninja-Sahil/orgs","repos_url":"https://api.github.com/users/Ninja-Sahil/repos","events_url":"https://api.github.com/users/Ninja-Sahil/events{/privacy}","received_events_url":"https://api.github.com/users/Ninja-Sahil/received_events","type":"User","site_admin":false,"name":null,"company":null,"blog":"","location":null,"email":null,"hireable":null,"bio":null,"twitter_username":null,"public_repos":0,"public_gists":0,"followers":0,"following":0,"created_at":"2023-07-09T03:36:00Z","updated_at":"2023-11-28T05:44:32Z","private_gists":0,"total_private_repos":0,"owned_private_repos":0,"disk_usage":0,"collaborators":0,"two_factor_authentication":false,"plan":{"name":"free","space":976562499,"collaborators":0,"private_repos":10000}}
[info] 
[info] +  Success! Logged into GitHub as Ninja-Sahil 
[info] 
[debug] [2023-11-30T13:48:33.687Z] >>> [apiv2][query] GET https://api.github.com/repos/n/actions/secrets/public-key type=owner
[debug] [2023-11-30T13:48:34.035Z] <<< [apiv2][status] GET https://api.github.com/repos/n/actions/secrets/public-key 404
[debug] [2023-11-30T13:48:34.035Z] <<< [apiv2][body] GET https://api.github.com/repos/n/actions/secrets/public-key {"message":"Not Found","documentation_url":"https://docs.github.com/rest"}
[info] 
[info] 
[error] !  The provided authorization cannot be used with this repository. If this repository is in an organization, did you remember to grant access? 
[info] 
[info] i  Action required: Visit this URL to ensure access has been granted to the appropriate organization(s) for the Firebase CLI GitHub OAuth App: 
[info] https://github.com/settings/connections/applications/89cf50f02ac6aaed3484
[info] 
[debug] [2023-11-30T13:48:56.726Z] >>> [apiv2][query] GET https://api.github.com/repos/user/new/actions/secrets/public-key type=owner
[debug] [2023-11-30T13:48:57.162Z] <<< [apiv2][status] GET https://api.github.com/repos/user/new/actions/secrets/public-key 404
[debug] [2023-11-30T13:48:57.162Z] <<< [apiv2][body] GET https://api.github.com/repos/user/new/actions/secrets/public-key {"message":"Not Found","documentation_url":"https://docs.github.com/rest/actions/secrets#get-a-repository-public-key"}
[info] 
[info] 
[error] !  The provided authorization cannot be used with this repository. If this repository is in an organization, did you remember to grant access? 
[info] 
[info] i  Action required: Visit this URL to ensure access has been granted to the appropriate organization(s) for the Firebase CLI GitHub OAuth App: 
[info] https://github.com/settings/connections/applications/89cf50f02ac6aaed3484
[info] 
[debug] [2023-11-30T13:49:04.450Z] >>> [apiv2][query] GET https://api.github.com/repos/user/new/actions/secrets/public-key type=owner
[debug] [2023-11-30T13:49:04.814Z] <<< [apiv2][status] GET https://api.github.com/repos/user/new/actions/secrets/public-key 404
[debug] [2023-11-30T13:49:04.814Z] <<< [apiv2][body] GET https://api.github.com/repos/user/new/actions/secrets/public-key {"message":"Not Found","documentation_url":"https://docs.github.com/rest/actions/secrets#get-a-repository-public-key"}
[info] 
[info] 
[error] !  The provided authorization cannot be used with this repository. If this repository is in an organization, did you remember to grant access? 
[info] 
[info] i  Action required: Visit this URL to ensure access has been granted to the appropriate organization(s) for the Firebase CLI GitHub OAuth App: 
[info] https://github.com/settings/connections/applications/89cf50f02ac6aaed3484
[info] 
